Arguments: 
  C:\Program Files\nodejs\node.exe C:\Users\86136\AppData\Roaming\npm\node_modules\yarn\bin\yarn.js

PATH: 
  C:\Python310\Scripts\;C:\Python310\;C:\Program Files (x86)\NetSarang\Xshell 6\;C:\Program Files (x86)\Common Files\Oracle\Java\javapath;C:\Windows\system32;C:\Windows;C:\Windows\System32\Wbem;C:\Windows\System32\WindowsPowerShell\v1.0\;C:\Windows\System32\OpenSSH\;C:\Program Files\Intel\WiFi\bin\;C:\Program Files\Common Files\Intel\WirelessCommon\;C:\Program Files\Java\jdk1.8.0_181\bin;C:\Program Files\Java\jre1.8.0_181\bin;C:\Program Files (x86)\Maven\apache-maven-3.6.3-bin\apache-maven-3.6.3\bin;C:\Program Files\VisualSVN Server\bin;C:\Program Files\TortoiseSVN\bin;C:\WINDOWS\system32;C:\WINDOWS;C:\WINDOWS\System32\Wbem;C:\WINDOWS\System32\WindowsPowerShell\v1.0\;C:\WINDOWS\System32\OpenSSH\;C:\Users\86136\Downloads\spring-boot-cli-2.2.0.RELEASE-bin\spring-2.2.0.RELEASE\bin;C:\Program Files (x86)\NVIDIA Corporation\PhysX\Common;C:\Program Files\NVIDIA Corporation\NVIDIA NvDLISR;C:\WINDOWS\system32;C:\WINDOWS;C:\WINDOWS\System32\Wbem;C:\WINDOWS\System32\WindowsPowerShell\v1.0\;C:\WINDOWS\System32\OpenSSH\;C:\MinGW\bin;C:\Program Files (x86)\Tencent\微信web开发者工具\dll;C:\Pro;ram Files\nodejs\;C:\ProgramData\chocolatey\bin;C:\Program Files (x86)\dotnet\;C:\Program Files\Git\cmd;C:\Program Files\nodejs\;C:\Program Files\nodejs\node_global;C:\Users\86136\AppData\Local\Microsoft\WindowsApps;C:\Users\86136\AppData\Local\GitHubDesktop\bin;C:\Users\86136\AppData\Local\Programs\Microsoft VS Code\bin;C:\Program Files\MySQL\MySQL Server 8.0\bin;C:\Users\86136\AppData\Local\Microsoft\WindowsApps;C:\Program Files (x86)\Tencent\微信web开发者工具\dll;C:\Users\86136\AppData\Roaming\npm;C:\Program Files\nodejs;C:\Program Files\nodejs\node_global;

Yarn version: 
  1.22.4

Node version: 
  16.16.0

Platform: 
  win32 x64

Trace: 
  Error: ENOENT: no such file or directory, copyfile 'C:\Users\86136\AppData\Local\Yarn\Cache\v6\npm-ms-2.1.2-d09d1f357b443f493382a8eb3ccd183872ae6009-integrity\node_modules\ms\license.md' -> 'C:\Users\86136\Desktop\微前端\micro front4\main\node_modules\@babel\core\node_modules\ms\license.md'

npm manifest: 
  {
    "name": "main",
    "version": "1.0.0",
    "description": "",
    "main": "index.js",
    "scripts": {
      "start": "webpack-dev-server",
      "start:multiple": "cross-env MODE=multiple webpack-dev-server",
      "test": "echo \"Error: no test specified\" && exit 1"
    },
    "author": "",
    "devDependencies": {
      "@babel/core": "^7.20.12",
      "@babel/plugin-transform-react-jsx": "^7.20.7",
      "@babel/preset-env": "^7.20.2",
      "babel-loader": "^9.1.2",
      "css-loader": "^6.7.3",
      "html-webpack-plugin": "^5.5.0",
      "less-loader": "^11.1.0",
      "style-loader": "^3.3.1",
      "webpack": "^5.75.0",
      "webpack-cli": "^5.0.1",
      "webpack-dev-server": "^4.11.1",
      "cross-env": "^7.0.3"
    },
    "dependencies": {
      "react": "^18.2.0",
      "react-dom": "^18.2.0",
      "vue": "^3.2.45",
      "zone.js": "^0.12.0"
    }
  }

yarn manifest: 
  No manifest

Lockfile: 
  No lockfile
